  stdafx.cpp
  gameNode.cpp
  image.cpp
c:\users\dvrp134340\desktop\승진\매크로펑션 이후 코딩\맵툴\windowapi\image.cpp(115): warning C4996: 'strcpy': This function or variable may be unsafe. Consider using strcpy_s instead. To disable deprecation, use _CRT_SECURE_NO_WARNINGS. See online help for details.
  c:\program files (x86)\windows kits\10\include\10.0.17763.0\ucrt\string.h(133): note: 'strcpy' 선언을 참조하십시오.
c:\users\dvrp134340\desktop\승진\매크로펑션 이후 코딩\맵툴\windowapi\image.cpp(765): warning C4244: '=': 'float'에서 'int'(으)로 변환하면서 데이터가 손실될 수 있습니다.
c:\users\dvrp134340\desktop\승진\매크로펑션 이후 코딩\맵툴\windowapi\image.cpp(766): warning C4244: '=': 'float'에서 'int'(으)로 변환하면서 데이터가 손실될 수 있습니다.
c:\users\dvrp134340\desktop\승진\매크로펑션 이후 코딩\맵툴\windowapi\image.cpp(803): warning C4244: '=': 'float'에서 'int'(으)로 변환하면서 데이터가 손실될 수 있습니다.
c:\users\dvrp134340\desktop\승진\매크로펑션 이후 코딩\맵툴\windowapi\image.cpp(804): warning C4244: '=': 'float'에서 'int'(으)로 변환하면서 데이터가 손실될 수 있습니다.
c:\users\dvrp134340\desktop\승진\매크로펑션 이후 코딩\맵툴\windowapi\image.cpp(851): warning C4244: '초기화 중': 'double'에서 'int'(으)로 변환하면서 데이터가 손실될 수 있습니다.
c:\users\dvrp134340\desktop\승진\매크로펑션 이후 코딩\맵툴\windowapi\image.cpp(859): warning C4244: '=': 'float'에서 'LONG'(으)로 변환하면서 데이터가 손실될 수 있습니다.
c:\users\dvrp134340\desktop\승진\매크로펑션 이후 코딩\맵툴\windowapi\image.cpp(860): warning C4244: '=': 'float'에서 'LONG'(으)로 변환하면서 데이터가 손실될 수 있습니다.
c:\users\dvrp134340\desktop\승진\매크로펑션 이후 코딩\맵툴\windowapi\image.cpp(879): warning C4244: '인수': 'float'에서 'int'(으)로 변환하면서 데이터가 손실될 수 있습니다.
c:\users\dvrp134340\desktop\승진\매크로펑션 이후 코딩\맵툴\windowapi\image.cpp(878): warning C4244: '인수': 'float'에서 'int'(으)로 변환하면서 데이터가 손실될 수 있습니다.
c:\users\dvrp134340\desktop\승진\매크로펑션 이후 코딩\맵툴\windowapi\image.cpp(902): warning C4244: '초기화 중': 'double'에서 'int'(으)로 변환하면서 데이터가 손실될 수 있습니다.
c:\users\dvrp134340\desktop\승진\매크로펑션 이후 코딩\맵툴\windowapi\image.cpp(910): warning C4244: '=': 'float'에서 'LONG'(으)로 변환하면서 데이터가 손실될 수 있습니다.
c:\users\dvrp134340\desktop\승진\매크로펑션 이후 코딩\맵툴\windowapi\image.cpp(911): warning C4244: '=': 'float'에서 'LONG'(으)로 변환하면서 데이터가 손실될 수 있습니다.
c:\users\dvrp134340\desktop\승진\매크로펑션 이후 코딩\맵툴\windowapi\image.cpp(934): warning C4244: '인수': 'float'에서 'int'(으)로 변환하면서 데이터가 손실될 수 있습니다.
c:\users\dvrp134340\desktop\승진\매크로펑션 이후 코딩\맵툴\windowapi\image.cpp(933): warning C4244: '인수': 'float'에서 'int'(으)로 변환하면서 데이터가 손실될 수 있습니다.
  imageManager.cpp
  keyManager.cpp
  mainGame.cpp
  mapTool.cpp
c:\users\dvrp134340\desktop\승진\매크로펑션 이후 코딩\맵툴\windowapi\maptool.cpp(17): warning C4552: '<': 식의 결과가 사용되지 않습니다.
c:\users\dvrp134340\desktop\승진\매크로펑션 이후 코딩\맵툴\windowapi\maptool.cpp(30): warning C4996: 'sprintf': This function or variable may be unsafe. Consider using sprintf_s instead. To disable deprecation, use _CRT_SECURE_NO_WARNINGS. See online help for details.
  c:\program files (x86)\windows kits\10\include\10.0.17763.0\ucrt\stdio.h(1774): note: 'sprintf' 선언을 참조하십시오.
c:\users\dvrp134340\desktop\승진\매크로펑션 이후 코딩\맵툴\windowapi\maptool.cpp(32): warning C4996: 'sprintf': This function or variable may be unsafe. Consider using sprintf_s instead. To disable deprecation, use _CRT_SECURE_NO_WARNINGS. See online help for details.
  c:\program files (x86)\windows kits\10\include\10.0.17763.0\ucrt\stdio.h(1774): note: 'sprintf' 선언을 참조하십시오.
c:\users\dvrp134340\desktop\승진\매크로펑션 이후 코딩\맵툴\windowapi\maptool.cpp(40): warning C4996: 'sprintf': This function or variable may be unsafe. Consider using sprintf_s instead. To disable deprecation, use _CRT_SECURE_NO_WARNINGS. See online help for details.
  c:\program files (x86)\windows kits\10\include\10.0.17763.0\ucrt\stdio.h(1774): note: 'sprintf' 선언을 참조하십시오.
c:\users\dvrp134340\desktop\승진\매크로펑션 이후 코딩\맵툴\windowapi\maptool.cpp(41): warning C4996: 'sprintf': This function or variable may be unsafe. Consider using sprintf_s instead. To disable deprecation, use _CRT_SECURE_NO_WARNINGS. See online help for details.
  c:\program files (x86)\windows kits\10\include\10.0.17763.0\ucrt\stdio.h(1774): note: 'sprintf' 선언을 참조하십시오.
c:\users\dvrp134340\desktop\승진\매크로펑션 이후 코딩\맵툴\windowapi\maptool.cpp(42): warning C4996: 'sprintf': This function or variable may be unsafe. Consider using sprintf_s instead. To disable deprecation, use _CRT_SECURE_NO_WARNINGS. See online help for details.
  c:\program files (x86)\windows kits\10\include\10.0.17763.0\ucrt\stdio.h(1774): note: 'sprintf' 선언을 참조하십시오.
c:\users\dvrp134340\desktop\승진\매크로펑션 이후 코딩\맵툴\windowapi\maptool.cpp(141): warning C4996: 'sprintf': This function or variable may be unsafe. Consider using sprintf_s instead. To disable deprecation, use _CRT_SECURE_NO_WARNINGS. See online help for details.
  c:\program files (x86)\windows kits\10\include\10.0.17763.0\ucrt\stdio.h(1774): note: 'sprintf' 선언을 참조하십시오.
c:\users\dvrp134340\desktop\승진\매크로펑션 이후 코딩\맵툴\windowapi\maptool.cpp(164): warning C4996: 'sprintf': This function or variable may be unsafe. Consider using sprintf_s instead. To disable deprecation, use _CRT_SECURE_NO_WARNINGS. See online help for details.
  c:\program files (x86)\windows kits\10\include\10.0.17763.0\ucrt\stdio.h(1774): note: 'sprintf' 선언을 참조하십시오.
  mapToolIso.cpp
c:\users\dvrp134340\desktop\승진\매크로펑션 이후 코딩\맵툴\windowapi\maptooliso.cpp(40): warning C4996: 'sprintf': This function or variable may be unsafe. Consider using sprintf_s instead. To disable deprecation, use _CRT_SECURE_NO_WARNINGS. See online help for details.
  c:\program files (x86)\windows kits\10\include\10.0.17763.0\ucrt\stdio.h(1774): note: 'sprintf' 선언을 참조하십시오.
c:\users\dvrp134340\desktop\승진\매크로펑션 이후 코딩\맵툴\windowapi\maptooliso.cpp(41): warning C4996: 'sprintf': This function or variable may be unsafe. Consider using sprintf_s instead. To disable deprecation, use _CRT_SECURE_NO_WARNINGS. See online help for details.
  c:\program files (x86)\windows kits\10\include\10.0.17763.0\ucrt\stdio.h(1774): note: 'sprintf' 선언을 참조하십시오.
c:\users\dvrp134340\desktop\승진\매크로펑션 이후 코딩\맵툴\windowapi\maptooliso.cpp(48): warning C4996: 'sprintf': This function or variable may be unsafe. Consider using sprintf_s instead. To disable deprecation, use _CRT_SECURE_NO_WARNINGS. See online help for details.
  c:\program files (x86)\windows kits\10\include\10.0.17763.0\ucrt\stdio.h(1774): note: 'sprintf' 선언을 참조하십시오.
c:\users\dvrp134340\desktop\승진\매크로펑션 이후 코딩\맵툴\windowapi\maptooliso.cpp(88): warning C4996: 'sprintf': This function or variable may be unsafe. Consider using sprintf_s instead. To disable deprecation, use _CRT_SECURE_NO_WARNINGS. See online help for details.
  c:\program files (x86)\windows kits\10\include\10.0.17763.0\ucrt\stdio.h(1774): note: 'sprintf' 선언을 참조하십시오.
c:\users\dvrp134340\desktop\승진\매크로펑션 이후 코딩\맵툴\windowapi\maptooliso.cpp(132): warning C4996: 'sprintf': This function or variable may be unsafe. Consider using sprintf_s instead. To disable deprecation, use _CRT_SECURE_NO_WARNINGS. See online help for details.
  c:\program files (x86)\windows kits\10\include\10.0.17763.0\ucrt\stdio.h(1774): note: 'sprintf' 선언을 참조하십시오.
c:\users\dvrp134340\desktop\승진\매크로펑션 이후 코딩\맵툴\windowapi\maptooliso.cpp(144): warning C4996: 'sprintf': This function or variable may be unsafe. Consider using sprintf_s instead. To disable deprecation, use _CRT_SECURE_NO_WARNINGS. See online help for details.
  c:\program files (x86)\windows kits\10\include\10.0.17763.0\ucrt\stdio.h(1774): note: 'sprintf' 선언을 참조하십시오.
c:\users\dvrp134340\desktop\승진\매크로펑션 이후 코딩\맵툴\windowapi\maptooliso.cpp(153): warning C4996: 'sprintf': This function or variable may be unsafe. Consider using sprintf_s instead. To disable deprecation, use _CRT_SECURE_NO_WARNINGS. See online help for details.
  c:\program files (x86)\windows kits\10\include\10.0.17763.0\ucrt\stdio.h(1774): note: 'sprintf' 선언을 참조하십시오.
  randomFunction.cpp
  sceneManager.cpp
  soundManager.cpp
  util.cpp
  winMain.cpp
  코드를 생성하고 있습니다...
  GameFramework2D.vcxproj -> C:\Users\dvrp134340\Desktop\승진\매크로펑션 이후 코딩\맵툴\WindowAPI\Debug\GameFramework2D.exe
